c:\users\jacob\documents\github\mech-472-winter-2025\robot_a_offence\debug\vc143.pdb
c:\users\jacob\documents\github\mech-472-winter-2025\robot_a_offence\debug\vision_simulation.obj
c:\users\jacob\documents\github\mech-472-winter-2025\robot_a_offence\debug\vision.obj
c:\users\jacob\documents\github\mech-472-winter-2025\robot_a_offence\debug\update_simulation.obj
c:\users\jacob\documents\github\mech-472-winter-2025\robot_a_offence\debug\timer.obj
c:\users\jacob\documents\github\mech-472-winter-2025\robot_a_offence\debug\team_functions.obj
c:\users\jacob\documents\github\mech-472-winter-2025\robot_a_offence\debug\shared_memory.obj
c:\users\jacob\documents\github\mech-472-winter-2025\robot_a_offence\debug\robot.obj
c:\users\jacob\documents\github\mech-472-winter-2025\robot_a_offence\debug\robot_a_offence.obj
c:\users\jacob\documents\github\mech-472-winter-2025\robot_a_offence\debug\robot_a_offence.exe
c:\users\jacob\documents\github\mech-472-winter-2025\robot_a_offence\debug\robot_a_offence.pdb
c:\users\jacob\documents\github\mech-472-winter-2025\robot_a_offence\debug\robot_a_offence.ilk
c:\users\jacob\documents\github\mech-472-winter-2025\robot_a_offence\debug\robot_a_offence.tlog\cl.command.1.tlog
c:\users\jacob\documents\github\mech-472-winter-2025\robot_a_offence\debug\robot_a_offence.tlog\cl.items.tlog
c:\users\jacob\documents\github\mech-472-winter-2025\robot_a_offence\debug\robot_a_offence.tlog\cl.read.1.tlog
c:\users\jacob\documents\github\mech-472-winter-2025\robot_a_offence\debug\robot_a_offence.tlog\cl.write.1.tlog
c:\users\jacob\documents\github\mech-472-winter-2025\robot_a_offence\debug\robot_a_offence.tlog\link.command.1.tlog
c:\users\jacob\documents\github\mech-472-winter-2025\robot_a_offence\debug\robot_a_offence.tlog\link.read.1.tlog
c:\users\jacob\documents\github\mech-472-winter-2025\robot_a_offence\debug\robot_a_offence.tlog\link.secondary.1.tlog
c:\users\jacob\documents\github\mech-472-winter-2025\robot_a_offence\debug\robot_a_offence.tlog\link.write.1.tlog
