c:\users\frede\documents\github\mech-472-winter-2025\robot_b_defence\debug\vc143.pdb
c:\users\frede\documents\github\mech-472-winter-2025\robot_b_defence\debug\vision_simulation.obj
c:\users\frede\documents\github\mech-472-winter-2025\robot_b_defence\debug\vision.obj
c:\users\frede\documents\github\mech-472-winter-2025\robot_b_defence\debug\update_simulation.obj
c:\users\frede\documents\github\mech-472-winter-2025\robot_b_defence\debug\timer.obj
c:\users\frede\documents\github\mech-472-winter-2025\robot_b_defence\debug\team_functions.obj
c:\users\frede\documents\github\mech-472-winter-2025\robot_b_defence\debug\example.obj
c:\users\frede\documents\github\mech-472-winter-2025\robot_b_defence\debug\shared_memory.obj
c:\users\frede\documents\github\mech-472-winter-2025\robot_b_defence\debug\robot.obj
c:\users\frede\documents\github\mech-472-winter-2025\robot_b_defence\debug\robot_b_defence.obj
c:\users\frede\documents\github\mech-472-winter-2025\robot_b_defence\debug\robot_b_defence.exe
c:\users\frede\documents\github\mech-472-winter-2025\robot_b_defence\debug\robot_b_defence.pdb
c:\users\frede\documents\github\mech-472-winter-2025\robot_b_defence\debug\robot_b_defence.ilk
c:\users\frede\documents\github\mech-472-winter-2025\robot_b_defence\debug\robot_b_defence.tlog\cl.command.1.tlog
c:\users\frede\documents\github\mech-472-winter-2025\robot_b_defence\debug\robot_b_defence.tlog\cl.items.tlog
c:\users\frede\documents\github\mech-472-winter-2025\robot_b_defence\debug\robot_b_defence.tlog\cl.read.1.tlog
c:\users\frede\documents\github\mech-472-winter-2025\robot_b_defence\debug\robot_b_defence.tlog\cl.write.1.tlog
c:\users\frede\documents\github\mech-472-winter-2025\robot_b_defence\debug\robot_b_defence.tlog\link.command.1.tlog
c:\users\frede\documents\github\mech-472-winter-2025\robot_b_defence\debug\robot_b_defence.tlog\link.read.1.tlog
c:\users\frede\documents\github\mech-472-winter-2025\robot_b_defence\debug\robot_b_defence.tlog\link.secondary.1.tlog
c:\users\frede\documents\github\mech-472-winter-2025\robot_b_defence\debug\robot_b_defence.tlog\link.write.1.tlog
